-------------------------------------------------------------------------------
Test set: com.cache.CacheTest.CacheTestApplicationTests
-------------------------------------------------------------------------------
Tests run: 1, Failures: 0, Errors: 1, Skipped: 0, Time elapsed: 3.397 s <<< FAILURE! - in com.cache.CacheTest.CacheTestApplicationTests
contextLoads(com.cache.CacheTest.CacheTestApplicationTests)  Time elapsed: 0.017 s  <<< ERROR!
java.lang.IllegalStateException: Failed to load ApplicationContext
Caused by: org.springframework.beans.factory.BeanCreationException: Error creating bean with name 'redisConnectionFactory' defined in com.cache.CacheTest.CacheTestApplication: Bean instantiation via factory method failed; nested exception is org.springframework.beans.BeanInstantiationException: Failed to instantiate [org.springframework.data.redis.connection.lettuce.LettuceConnectionFactory]: Factory method 'redisConnectionFactory' threw exception; nested exception is java.lang.NoClassDefFoundError: io/lettuce/core/AbstractRedisClient
Caused by: org.springframework.beans.BeanInstantiationException: Failed to instantiate [org.springframework.data.redis.connection.lettuce.LettuceConnectionFactory]: Factory method 'redisConnectionFactory' threw exception; nested exception is java.lang.NoClassDefFoundError: io/lettuce/core/AbstractRedisClient
Caused by: java.lang.NoClassDefFoundError: io/lettuce/core/AbstractRedisClient
Caused by: java.lang.ClassNotFoundException: io.lettuce.core.AbstractRedisClient

